<?xml version="1.0" encoding="UTF-8"?>
<testng-results skipped="0" failed="0" ignored="0" total="2" passed="2">
  <reporter-output>
  </reporter-output>
  <suite name="Default suite" duration-ms="9585" started-at="2018-05-09T20:54:41Z" finished-at="2018-05-09T20:54:50Z">
    <groups>
    </groups>
    <test name="Default test" duration-ms="9585" started-at="2018-05-09T20:54:41Z" finished-at="2018-05-09T20:54:50Z">
      <class name="se.selenium_hybrid_framework.automatedTests.TestCases">
        <test-method status="PASS" signature="config()[pri:0, instance:se.selenium_hybrid_framework.automatedTests.TestCases@1bce4f0a]" name="config" is-config="true" duration-ms="478" started-at="2018-05-09T22:54:41Z" finished-at="2018-05-09T22:54:41Z">
          <reporter-output>
          </reporter-output>
        </test-method> <!-- config -->
        <test-method status="PASS" signature="setUp()[pri:0, instance:se.selenium_hybrid_framework.automatedTests.TestCases@1bce4f0a]" name="setUp" is-config="true" duration-ms="2763" started-at="2018-05-09T22:54:41Z" finished-at="2018-05-09T22:54:44Z">
          <reporter-output>
          </reporter-output>
        </test-method> <!-- setUp -->
        <test-method status="PASS" signature="test(java.lang.String, java.lang.String, java.lang.String, java.lang.String)[pri:0, instance:se.selenium_hybrid_framework.automatedTests.TestCases@1bce4f0a]" name="test" duration-ms="869" started-at="2018-05-09T22:54:44Z" data-provider="testData" finished-at="2018-05-09T22:54:45Z">
          <params>
            <param index="0">
              <value>
                <![CDATA[test]]>
              </value>
            </param>
            <param index="1">
              <value>
                <![CDATA[test001]]>
              </value>
            </param>
            <param index="2">
              <value>
                <![CDATA[Boston]]>
              </value>
            </param>
            <param index="3">
              <value>
                <![CDATA[Berlin]]>
              </value>
            </param>
          </params>
          <reporter-output>
          </reporter-output>
        </test-method> <!-- test -->
        <test-method status="PASS" signature="tearDown()[pri:0, instance:se.selenium_hybrid_framework.automatedTests.TestCases@1bce4f0a]" name="tearDown" is-config="true" duration-ms="110" started-at="2018-05-09T22:54:45Z" finished-at="2018-05-09T22:54:45Z">
          <reporter-output>
          </reporter-output>
        </test-method> <!-- tearDown -->
        <test-method status="PASS" signature="setUp()[pri:0, instance:se.selenium_hybrid_framework.automatedTests.TestCases@1bce4f0a]" name="setUp" is-config="true" duration-ms="2121" started-at="2018-05-09T22:54:45Z" finished-at="2018-05-09T22:54:47Z">
          <reporter-output>
          </reporter-output>
        </test-method> <!-- setUp -->
        <test-method status="PASS" signature="test(java.lang.String, java.lang.String, java.lang.String, java.lang.String)[pri:0, instance:se.selenium_hybrid_framework.automatedTests.TestCases@1bce4f0a]" name="test" duration-ms="908" started-at="2018-05-09T22:54:47Z" data-provider="testData" finished-at="2018-05-09T22:54:48Z">
          <params>
            <param index="0">
              <value>
                <![CDATA[test]]>
              </value>
            </param>
            <param index="1">
              <value>
                <![CDATA[test002]]>
              </value>
            </param>
            <param index="2">
              <value>
                <![CDATA[Portland]]>
              </value>
            </param>
            <param index="3">
              <value>
                <![CDATA[London]]>
              </value>
            </param>
          </params>
          <reporter-output>
          </reporter-output>
        </test-method> <!-- test -->
        <test-method status="PASS" signature="tearDown()[pri:0, instance:se.selenium_hybrid_framework.automatedTests.TestCases@1bce4f0a]" name="tearDown" is-config="true" duration-ms="2308" started-at="2018-05-09T22:54:48Z" finished-at="2018-05-09T22:54:50Z">
          <reporter-output>
          </reporter-output>
        </test-method> <!-- tearDown -->
        <test-method status="PASS" signature="cleanUp()[pri:0, instance:se.selenium_hybrid_framework.automatedTests.TestCases@1bce4f0a]" name="cleanUp" is-config="true" duration-ms="1" started-at="2018-05-09T22:54:50Z" finished-at="2018-05-09T22:54:50Z">
          <reporter-output>
          </reporter-output>
        </test-method> <!-- cleanUp -->
      </class> <!-- se.selenium_hybrid_framework.automatedTests.TestCases -->
    </test> <!-- Default test -->
  </suite> <!-- Default suite -->
</testng-results>
